{"/Users/dandrory/Work/photon/src/components v2/Button/Button.vue": {"path":"/Users/dandrory/Work/photon/src/components v2/Button/Button.vue","statementMap":{"0":{"start":{"line":30,"column":0},"end":{"line":30,"column":null}},"1":{"start":{"line":31,"column":0},"end":{"line":31,"column":null}}},"fnMap":{},"branchMap":{},"s":{"0":2,"1":2},"f":{},"b":{}}
,"/Users/dandrory/Work/photon/src/components v2/Form/Form.vue": {"path":"/Users/dandrory/Work/photon/src/components v2/Form/Form.vue","statementMap":{"0":{"start":{"line":14,"column":0},"end":{"line":14,"column":null}}},"fnMap":{},"branchMap":{},"s":{"0":1},"f":{},"b":{}}
,"/Users/dandrory/Work/photon/src/components v2/Input/Input.vue": {"path":"/Users/dandrory/Work/photon/src/components v2/Input/Input.vue","statementMap":{"0":{"start":{"line":26,"column":0},"end":{"line":26,"column":null}},"1":{"start":{"line":27,"column":0},"end":{"line":27,"column":null}},"2":{"start":{"line":28,"column":0},"end":{"line":28,"column":null}}},"fnMap":{},"branchMap":{},"s":{"0":0,"1":0,"2":0},"f":{},"b":{}}
,"/Users/dandrory/Work/photon/src/components v2/InputNumber/InputNumber.vue": {"path":"/Users/dandrory/Work/photon/src/components v2/InputNumber/InputNumber.vue","statementMap":{"0":{"start":{"line":39,"column":0},"end":{"line":39,"column":null}},"1":{"start":{"line":40,"column":0},"end":{"line":40,"column":null}},"2":{"start":{"line":41,"column":0},"end":{"line":41,"column":null}},"3":{"start":{"line":42,"column":0},"end":{"line":42,"column":null}}},"fnMap":{},"branchMap":{},"s":{"0":1,"1":1,"2":1,"3":1},"f":{},"b":{}}
,"/Users/dandrory/Work/photon/src/components v2/Message/Message.vue": {"path":"/Users/dandrory/Work/photon/src/components v2/Message/Message.vue","statementMap":{"0":{"start":{"line":36,"column":0},"end":{"line":36,"column":null}},"1":{"start":{"line":37,"column":0},"end":{"line":37,"column":null}},"2":{"start":{"line":38,"column":0},"end":{"line":38,"column":null}},"3":{"start":{"line":39,"column":0},"end":{"line":39,"column":null}}},"fnMap":{},"branchMap":{},"s":{"0":1,"1":1,"2":1,"3":1},"f":{},"b":{}}
,"/Users/dandrory/Work/photon/src/components/Accordion/Accordion.vue": {"path":"/Users/dandrory/Work/photon/src/components/Accordion/Accordion.vue","statementMap":{"0":{"start":{"line":60,"column":0},"end":{"line":60,"column":null}},"1":{"start":{"line":61,"column":0},"end":{"line":61,"column":null}},"2":{"start":{"line":62,"column":0},"end":{"line":62,"column":null}}},"fnMap":{},"branchMap":{},"s":{"0":0,"1":0,"2":0},"f":{},"b":{}}
,"/Users/dandrory/Work/photon/src/components/Autocomplete/AutoComplete.vue": {"path":"/Users/dandrory/Work/photon/src/components/Autocomplete/AutoComplete.vue","statementMap":{"0":{"start":{"line":175,"column":0},"end":{"line":175,"column":null}},"1":{"start":{"line":176,"column":0},"end":{"line":176,"column":null}},"2":{"start":{"line":177,"column":0},"end":{"line":177,"column":null}},"3":{"start":{"line":178,"column":0},"end":{"line":178,"column":null}},"4":{"start":{"line":196,"column":0},"end":{"line":196,"column":null}},"5":{"start":{"line":198,"column":0},"end":{"line":198,"column":null}}},"fnMap":{},"branchMap":{},"s":{"0":2,"1":2,"2":2,"3":2,"4":2,"5":2},"f":{},"b":{}}
,"/Users/dandrory/Work/photon/src/components/Badge/Badge.vue": {"path":"/Users/dandrory/Work/photon/src/components/Badge/Badge.vue","statementMap":{"0":{"start":{"line":25,"column":0},"end":{"line":25,"column":null}}},"fnMap":{},"branchMap":{},"s":{"0":1},"f":{},"b":{}}
,"/Users/dandrory/Work/photon/src/components/BrandGradientText/BrandGradientText.vue": {"path":"/Users/dandrory/Work/photon/src/components/BrandGradientText/BrandGradientText.vue","statementMap":{"0":{"start":{"line":10,"column":0},"end":{"line":10,"column":null}}},"fnMap":{},"branchMap":{},"s":{"0":2},"f":{},"b":{}}
,"/Users/dandrory/Work/photon/src/components/Button/Button.vue": {"path":"/Users/dandrory/Work/photon/src/components/Button/Button.vue","statementMap":{"0":{"start":{"line":62,"column":0},"end":{"line":62,"column":null}},"1":{"start":{"line":63,"column":0},"end":{"line":63,"column":null}}},"fnMap":{},"branchMap":{},"s":{"0":4,"1":4},"f":{},"b":{}}
,"/Users/dandrory/Work/photon/src/components/Checkbox/Checkbox.vue": {"path":"/Users/dandrory/Work/photon/src/components/Checkbox/Checkbox.vue","statementMap":{"0":{"start":{"line":42,"column":0},"end":{"line":42,"column":null}},"1":{"start":{"line":43,"column":0},"end":{"line":43,"column":null}},"2":{"start":{"line":44,"column":0},"end":{"line":44,"column":null}},"3":{"start":{"line":45,"column":0},"end":{"line":45,"column":null}}},"fnMap":{},"branchMap":{},"s":{"0":1,"1":1,"2":1,"3":1},"f":{},"b":{}}
,"/Users/dandrory/Work/photon/src/components/CheckboxGroup/CheckboxGroup.vue": {"path":"/Users/dandrory/Work/photon/src/components/CheckboxGroup/CheckboxGroup.vue","statementMap":{"0":{"start":{"line":53,"column":0},"end":{"line":53,"column":null}},"1":{"start":{"line":54,"column":0},"end":{"line":54,"column":null}},"2":{"start":{"line":55,"column":0},"end":{"line":55,"column":null}},"3":{"start":{"line":56,"column":0},"end":{"line":56,"column":null}},"4":{"start":{"line":57,"column":0},"end":{"line":57,"column":null}}},"fnMap":{},"branchMap":{},"s":{"0":0,"1":0,"2":0,"3":0,"4":0},"f":{},"b":{}}
,"/Users/dandrory/Work/photon/src/components/DateInput/DateInput.vue": {"path":"/Users/dandrory/Work/photon/src/components/DateInput/DateInput.vue","statementMap":{"0":{"start":{"line":52,"column":0},"end":{"line":52,"column":null}},"1":{"start":{"line":53,"column":0},"end":{"line":53,"column":null}}},"fnMap":{},"branchMap":{},"s":{"0":1,"1":1},"f":{},"b":{}}
,"/Users/dandrory/Work/photon/src/components/Dialog/Dialog.vue": {"path":"/Users/dandrory/Work/photon/src/components/Dialog/Dialog.vue","statementMap":{"0":{"start":{"line":43,"column":0},"end":{"line":43,"column":null}},"1":{"start":{"line":44,"column":0},"end":{"line":44,"column":null}}},"fnMap":{},"branchMap":{},"s":{"0":1,"1":1},"f":{},"b":{}}
,"/Users/dandrory/Work/photon/src/components/FiguresCard/FiguresCard.vue": {"path":"/Users/dandrory/Work/photon/src/components/FiguresCard/FiguresCard.vue","statementMap":{"0":{"start":{"line":27,"column":0},"end":{"line":27,"column":null}},"1":{"start":{"line":29,"column":0},"end":{"line":29,"column":null}},"2":{"start":{"line":30,"column":0},"end":{"line":30,"column":null}}},"fnMap":{},"branchMap":{},"s":{"0":1,"1":1,"2":1},"f":{},"b":{}}
,"/Users/dandrory/Work/photon/src/components/Form/Form.vue": {"path":"/Users/dandrory/Work/photon/src/components/Form/Form.vue","statementMap":{"0":{"start":{"line":14,"column":0},"end":{"line":14,"column":null}}},"fnMap":{},"branchMap":{},"s":{"0":1},"f":{},"b":{}}
,"/Users/dandrory/Work/photon/src/components/Icon/Icon.vue": {"path":"/Users/dandrory/Work/photon/src/components/Icon/Icon.vue","statementMap":{"0":{"start":{"line":14,"column":0},"end":{"line":14,"column":null}},"1":{"start":{"line":15,"column":0},"end":{"line":15,"column":null}},"2":{"start":{"line":17,"column":0},"end":{"line":17,"column":null}}},"fnMap":{},"branchMap":{},"s":{"0":20,"1":20,"2":20},"f":{},"b":{}}
,"/Users/dandrory/Work/photon/src/components/InfoCard/InfoCard.vue": {"path":"/Users/dandrory/Work/photon/src/components/InfoCard/InfoCard.vue","statementMap":{"0":{"start":{"line":35,"column":0},"end":{"line":35,"column":null}},"1":{"start":{"line":36,"column":0},"end":{"line":36,"column":null}},"2":{"start":{"line":37,"column":0},"end":{"line":37,"column":null}}},"fnMap":{},"branchMap":{},"s":{"0":1,"1":1,"2":1},"f":{},"b":{}}
,"/Users/dandrory/Work/photon/src/components/Input/Input.vue": {"path":"/Users/dandrory/Work/photon/src/components/Input/Input.vue","statementMap":{"0":{"start":{"line":19,"column":0},"end":{"line":19,"column":null}},"1":{"start":{"line":20,"column":0},"end":{"line":20,"column":null}},"2":{"start":{"line":21,"column":0},"end":{"line":21,"column":null}}},"fnMap":{},"branchMap":{},"s":{"0":12,"1":12,"2":12},"f":{},"b":{}}
,"/Users/dandrory/Work/photon/src/components/InputBasicSelect/InputBasicSelect.vue": {"path":"/Users/dandrory/Work/photon/src/components/InputBasicSelect/InputBasicSelect.vue","statementMap":{"0":{"start":{"line":103,"column":0},"end":{"line":103,"column":null}},"1":{"start":{"line":104,"column":0},"end":{"line":104,"column":null}},"2":{"start":{"line":105,"column":0},"end":{"line":105,"column":null}},"3":{"start":{"line":106,"column":0},"end":{"line":106,"column":null}},"4":{"start":{"line":108,"column":0},"end":{"line":108,"column":null}}},"fnMap":{},"branchMap":{},"s":{"0":1,"1":1,"2":1,"3":1,"4":1},"f":{},"b":{}}
,"/Users/dandrory/Work/photon/src/components/InputNumber/InputNumber.vue": {"path":"/Users/dandrory/Work/photon/src/components/InputNumber/InputNumber.vue","statementMap":{"0":{"start":{"line":34,"column":0},"end":{"line":34,"column":null}},"1":{"start":{"line":35,"column":0},"end":{"line":35,"column":null}},"2":{"start":{"line":36,"column":0},"end":{"line":36,"column":null}}},"fnMap":{},"branchMap":{},"s":{"0":1,"1":1,"2":1},"f":{},"b":{}}
,"/Users/dandrory/Work/photon/src/components/InputPhone/InputPhone.vue": {"path":"/Users/dandrory/Work/photon/src/components/InputPhone/InputPhone.vue","statementMap":{"0":{"start":{"line":41,"column":0},"end":{"line":41,"column":null}},"1":{"start":{"line":42,"column":0},"end":{"line":42,"column":null}},"2":{"start":{"line":43,"column":0},"end":{"line":43,"column":null}},"3":{"start":{"line":45,"column":0},"end":{"line":45,"column":null}}},"fnMap":{},"branchMap":{},"s":{"0":1,"1":1,"2":1,"3":1},"f":{},"b":{}}
,"/Users/dandrory/Work/photon/src/components/InputRadio/InputRadio.vue": {"path":"/Users/dandrory/Work/photon/src/components/InputRadio/InputRadio.vue","statementMap":{"0":{"start":{"line":54,"column":0},"end":{"line":54,"column":null}},"1":{"start":{"line":55,"column":0},"end":{"line":55,"column":null}}},"fnMap":{},"branchMap":{},"s":{"0":2,"1":2},"f":{},"b":{}}
,"/Users/dandrory/Work/photon/src/components/InputSelect/InputSelect.vue": {"path":"/Users/dandrory/Work/photon/src/components/InputSelect/InputSelect.vue","statementMap":{"0":{"start":{"line":27,"column":0},"end":{"line":27,"column":null}},"1":{"start":{"line":28,"column":0},"end":{"line":28,"column":null}},"2":{"start":{"line":29,"column":0},"end":{"line":29,"column":null}},"3":{"start":{"line":30,"column":0},"end":{"line":30,"column":null}}},"fnMap":{},"branchMap":{},"s":{"0":1,"1":1,"2":1,"3":1},"f":{},"b":{}}
,"/Users/dandrory/Work/photon/src/components/InputSlider/InputSlider.vue": {"path":"/Users/dandrory/Work/photon/src/components/InputSlider/InputSlider.vue","statementMap":{"0":{"start":{"line":33,"column":0},"end":{"line":33,"column":null}},"1":{"start":{"line":34,"column":0},"end":{"line":34,"column":null}},"2":{"start":{"line":35,"column":0},"end":{"line":35,"column":null}},"3":{"start":{"line":36,"column":0},"end":{"line":36,"column":null}},"4":{"start":{"line":37,"column":0},"end":{"line":37,"column":null}},"5":{"start":{"line":39,"column":0},"end":{"line":39,"column":null}}},"fnMap":{},"branchMap":{},"s":{"0":0,"1":0,"2":0,"3":0,"4":0,"5":0},"f":{},"b":{}}
,"/Users/dandrory/Work/photon/src/components/InputText/InputText.vue": {"path":"/Users/dandrory/Work/photon/src/components/InputText/InputText.vue","statementMap":{"0":{"start":{"line":54,"column":0},"end":{"line":54,"column":null}},"1":{"start":{"line":55,"column":0},"end":{"line":55,"column":null}},"2":{"start":{"line":56,"column":0},"end":{"line":56,"column":null}},"3":{"start":{"line":57,"column":0},"end":{"line":57,"column":null}},"4":{"start":{"line":59,"column":0},"end":{"line":59,"column":null}}},"fnMap":{},"branchMap":{},"s":{"0":4,"1":4,"2":4,"3":4,"4":4},"f":{},"b":{}}
,"/Users/dandrory/Work/photon/src/components/Link/Link.vue": {"path":"/Users/dandrory/Work/photon/src/components/Link/Link.vue","statementMap":{"0":{"start":{"line":20,"column":0},"end":{"line":20,"column":null}}},"fnMap":{},"branchMap":{},"s":{"0":1},"f":{},"b":{}}
,"/Users/dandrory/Work/photon/src/components/List/List.vue": {"path":"/Users/dandrory/Work/photon/src/components/List/List.vue","statementMap":{"0":{"start":{"line":7,"column":0},"end":{"line":7,"column":null}}},"fnMap":{},"branchMap":{},"s":{"0":0},"f":{},"b":{}}
,"/Users/dandrory/Work/photon/src/components/ListItem/ListItem.vue": {"path":"/Users/dandrory/Work/photon/src/components/ListItem/ListItem.vue","statementMap":{"0":{"start":{"line":9,"column":0},"end":{"line":9,"column":null}}},"fnMap":{},"branchMap":{},"s":{"0":0},"f":{},"b":{}}
,"/Users/dandrory/Work/photon/src/components/Loader/Loader.vue": {"path":"/Users/dandrory/Work/photon/src/components/Loader/Loader.vue","statementMap":{"0":{"start":{"line":27,"column":0},"end":{"line":27,"column":null}}},"fnMap":{},"branchMap":{},"s":{"0":0},"f":{},"b":{}}
,"/Users/dandrory/Work/photon/src/components/Message/Message.vue": {"path":"/Users/dandrory/Work/photon/src/components/Message/Message.vue","statementMap":{"0":{"start":{"line":35,"column":0},"end":{"line":35,"column":null}},"1":{"start":{"line":36,"column":0},"end":{"line":36,"column":null}},"2":{"start":{"line":37,"column":0},"end":{"line":37,"column":null}},"3":{"start":{"line":38,"column":0},"end":{"line":38,"column":null}}},"fnMap":{},"branchMap":{},"s":{"0":2,"1":2,"2":2,"3":2},"f":{},"b":{}}
,"/Users/dandrory/Work/photon/src/components/ProgressCircular/ProgressCircular.vue": {"path":"/Users/dandrory/Work/photon/src/components/ProgressCircular/ProgressCircular.vue","statementMap":{"0":{"start":{"line":45,"column":0},"end":{"line":45,"column":null}}},"fnMap":{},"branchMap":{},"s":{"0":1},"f":{},"b":{}}
,"/Users/dandrory/Work/photon/src/components/RadioGroup/RadioGroup.vue": {"path":"/Users/dandrory/Work/photon/src/components/RadioGroup/RadioGroup.vue","statementMap":{"0":{"start":{"line":28,"column":0},"end":{"line":28,"column":null}},"1":{"start":{"line":29,"column":0},"end":{"line":29,"column":null}},"2":{"start":{"line":30,"column":0},"end":{"line":30,"column":null}},"3":{"start":{"line":31,"column":0},"end":{"line":31,"column":null}},"4":{"start":{"line":32,"column":0},"end":{"line":32,"column":null}}},"fnMap":{},"branchMap":{},"s":{"0":1,"1":1,"2":1,"3":1,"4":1},"f":{},"b":{}}
,"/Users/dandrory/Work/photon/src/components/Rate/Rate.vue": {"path":"/Users/dandrory/Work/photon/src/components/Rate/Rate.vue","statementMap":{"0":{"start":{"line":40,"column":0},"end":{"line":40,"column":null}},"1":{"start":{"line":41,"column":0},"end":{"line":41,"column":null}}},"fnMap":{},"branchMap":{},"s":{"0":1,"1":1},"f":{},"b":{}}
,"/Users/dandrory/Work/photon/src/components/SkeletonLoader/SkeletonLoader.vue": {"path":"/Users/dandrory/Work/photon/src/components/SkeletonLoader/SkeletonLoader.vue","statementMap":{"0":{"start":{"line":88,"column":0},"end":{"line":88,"column":null}}},"fnMap":{},"branchMap":{},"s":{"0":1},"f":{},"b":{}}
,"/Users/dandrory/Work/photon/src/components/SkipLink/SkipLink.vue": {"path":"/Users/dandrory/Work/photon/src/components/SkipLink/SkipLink.vue","statementMap":{"0":{"start":{"line":22,"column":0},"end":{"line":22,"column":null}}},"fnMap":{},"branchMap":{},"s":{"0":0},"f":{},"b":{}}
,"/Users/dandrory/Work/photon/src/components/Slider/Slider.vue": {"path":"/Users/dandrory/Work/photon/src/components/Slider/Slider.vue","statementMap":{"0":{"start":{"line":27,"column":0},"end":{"line":27,"column":null}},"1":{"start":{"line":28,"column":0},"end":{"line":28,"column":null}},"2":{"start":{"line":30,"column":0},"end":{"line":30,"column":null}},"3":{"start":{"line":31,"column":0},"end":{"line":31,"column":null}}},"fnMap":{},"branchMap":{},"s":{"0":0,"1":0,"2":0,"3":0},"f":{},"b":{}}
,"/Users/dandrory/Work/photon/src/components/SwitchToggle/SwitchToggle.vue": {"path":"/Users/dandrory/Work/photon/src/components/SwitchToggle/SwitchToggle.vue","statementMap":{"0":{"start":{"line":26,"column":0},"end":{"line":26,"column":null}},"1":{"start":{"line":27,"column":0},"end":{"line":27,"column":null}},"2":{"start":{"line":28,"column":0},"end":{"line":28,"column":null}}},"fnMap":{},"branchMap":{},"s":{"0":1,"1":1,"2":1},"f":{},"b":{}}
,"/Users/dandrory/Work/photon/src/components/Toast/Toast.vue": {"path":"/Users/dandrory/Work/photon/src/components/Toast/Toast.vue","statementMap":{"0":{"start":{"line":19,"column":0},"end":{"line":19,"column":null}},"1":{"start":{"line":20,"column":0},"end":{"line":20,"column":null}}},"fnMap":{},"branchMap":{},"s":{"0":1,"1":1},"f":{},"b":{}}
,"/Users/dandrory/Work/photon/src/components/Typography/Blockquote.vue": {"path":"/Users/dandrory/Work/photon/src/components/Typography/Blockquote.vue","statementMap":{"0":{"start":{"line":8,"column":0},"end":{"line":8,"column":null}}},"fnMap":{},"branchMap":{},"s":{"0":12},"f":{},"b":{}}
,"/Users/dandrory/Work/photon/src/components/Typography/Text.vue": {"path":"/Users/dandrory/Work/photon/src/components/Typography/Text.vue","statementMap":{"0":{"start":{"line":8,"column":0},"end":{"line":8,"column":null}},"1":{"start":{"line":10,"column":0},"end":{"line":10,"column":null}}},"fnMap":{},"branchMap":{},"s":{"0":12,"1":12},"f":{},"b":{}}
,"/Users/dandrory/Work/photon/src/utils/injectThemeCssVariables.js": {"data":{"path":"/Users/dandrory/Work/photon/src/utils/injectThemeCssVariables.js","statementMap":{"0":{"start":{"line":1,"column":39},"end":{"line":22,"column":1}},"1":{"start":{"line":2,"column":18},"end":{"line":2,"column":58}},"2":{"start":{"line":4,"column":4},"end":{"line":5,"column":35}},"3":{"start":{"line":7,"column":2},"end":{"line":7,"column":38}},"4":{"start":{"line":9,"column":24},"end":{"line":14,"column":3}},"5":{"start":{"line":11,"column":6},"end":{"line":11,"column":39}},"6":{"start":{"line":16,"column":2},"end":{"line":20,"column":4}},"7":{"start":{"line":21,"column":2},"end":{"line":21,"column":32}}},"fnMap":{"0":{"name":"(anonymous_0)","decl":{"start":{"line":1,"column":39},"end":{"line":1,"column":40}},"loc":{"start":{"line":1,"column":57},"end":{"line":22,"column":1}},"line":1},"1":{"name":"(anonymous_1)","decl":{"start":{"line":10,"column":4},"end":{"line":10,"column":5}},"loc":{"start":{"line":10,"column":27},"end":{"line":12,"column":5}},"line":10}},"branchMap":{"0":{"loc":{"start":{"line":4,"column":4},"end":{"line":5,"column":35}},"type":"binary-expr","locations":[{"start":{"line":4,"column":4},"end":{"line":4,"column":50}},{"start":{"line":5,"column":4},"end":{"line":5,"column":35}}],"line":4}},"s":{"0":0,"1":0,"2":0,"3":0,"4":0,"5":0,"6":0,"7":0},"f":{"0":0,"1":0},"b":{"0":[0,0]},"hash":"9cb385884f8f5153719a86ec4e9963e8abf4aaac"}}
,"/Users/dandrory/Work/photon/src/utils/parseBrandingJson.js": {"data":{"path":"/Users/dandrory/Work/photon/src/utils/parseBrandingJson.js","statementMap":{"0":{"start":{"line":3,"column":33},"end":{"line":5,"column":1}},"1":{"start":{"line":4,"column":2},"end":{"line":4,"column":41}},"2":{"start":{"line":7,"column":36},"end":{"line":39,"column":1}},"3":{"start":{"line":8,"column":2},"end":{"line":10,"column":3}},"4":{"start":{"line":9,"column":4},"end":{"line":9,"column":26}},"5":{"start":{"line":11,"column":2},"end":{"line":38,"column":3}},"6":{"start":{"line":12,"column":20},"end":{"line":12,"column":58}},"7":{"start":{"line":14,"column":4},"end":{"line":16,"column":5}},"8":{"start":{"line":15,"column":6},"end":{"line":15,"column":28}},"9":{"start":{"line":18,"column":23},"end":{"line":18,"column":37}},"10":{"start":{"line":20,"column":4},"end":{"line":27,"column":7}},"11":{"start":{"line":21,"column":28},"end":{"line":21,"column":69}},"12":{"start":{"line":22,"column":20},"end":{"line":22,"column":48}},"13":{"start":{"line":23,"column":6},"end":{"line":26,"column":8}},"14":{"start":{"line":29,"column":4},"end":{"line":29,"column":24}},"15":{"start":{"line":31,"column":4},"end":{"line":36,"column":6}},"16":{"start":{"line":37,"column":4},"end":{"line":37,"column":14}},"17":{"start":{"line":41,"column":27},"end":{"line":57,"column":1}},"18":{"start":{"line":42,"column":23},"end":{"line":42,"column":25}},"19":{"start":{"line":44,"column":2},"end":{"line":54,"column":5}},"20":{"start":{"line":45,"column":4},"end":{"line":53,"column":5}},"21":{"start":{"line":46,"column":6},"end":{"line":46,"column":57}},"22":{"start":{"line":48,"column":6},"end":{"line":52,"column":7}},"23":{"start":{"line":49,"column":8},"end":{"line":49,"column":68}},"24":{"start":{"line":51,"column":8},"end":{"line":51,"column":40}},"25":{"start":{"line":56,"column":2},"end":{"line":56,"column":22}},"26":{"start":{"line":59,"column":38},"end":{"line":78,"column":1}},"27":{"start":{"line":64,"column":26},"end":{"line":64,"column":28}},"28":{"start":{"line":66,"column":2},"end":{"line":75,"column":5}},"29":{"start":{"line":67,"column":4},"end":{"line":74,"column":5}},"30":{"start":{"line":68,"column":6},"end":{"line":71,"column":8}},"31":{"start":{"line":73,"column":6},"end":{"line":73,"column":48}},"32":{"start":{"line":77,"column":2},"end":{"line":77,"column":25}}},"fnMap":{"0":{"name":"(anonymous_0)","decl":{"start":{"line":3,"column":33},"end":{"line":3,"column":34}},"loc":{"start":{"line":3,"column":45},"end":{"line":5,"column":1}},"line":3},"1":{"name":"(anonymous_1)","decl":{"start":{"line":7,"column":36},"end":{"line":7,"column":37}},"loc":{"start":{"line":7,"column":62},"end":{"line":39,"column":1}},"line":7},"2":{"name":"(anonymous_2)","decl":{"start":{"line":20,"column":20},"end":{"line":20,"column":21}},"loc":{"start":{"line":20,"column":29},"end":{"line":27,"column":5}},"line":20},"3":{"name":"(anonymous_3)","decl":{"start":{"line":41,"column":27},"end":{"line":41,"column":28}},"loc":{"start":{"line":41,"column":45},"end":{"line":57,"column":1}},"line":41},"4":{"name":"(anonymous_4)","decl":{"start":{"line":44,"column":30},"end":{"line":44,"column":31}},"loc":{"start":{"line":44,"column":37},"end":{"line":54,"column":3}},"line":44},"5":{"name":"(anonymous_5)","decl":{"start":{"line":59,"column":38},"end":{"line":59,"column":39}},"loc":{"start":{"line":63,"column":5},"end":{"line":78,"column":1}},"line":63},"6":{"name":"(anonymous_6)","decl":{"start":{"line":66,"column":30},"end":{"line":66,"column":31}},"loc":{"start":{"line":66,"column":37},"end":{"line":75,"column":3}},"line":66}},"branchMap":{"0":{"loc":{"start":{"line":8,"column":2},"end":{"line":10,"column":3}},"type":"if","locations":[{"start":{"line":8,"column":2},"end":{"line":10,"column":3}},{"start":{"line":8,"column":2},"end":{"line":10,"column":3}}],"line":8},"1":{"loc":{"start":{"line":14,"column":4},"end":{"line":16,"column":5}},"type":"if","locations":[{"start":{"line":14,"column":4},"end":{"line":16,"column":5}},{"start":{"line":14,"column":4},"end":{"line":16,"column":5}}],"line":14},"2":{"loc":{"start":{"line":14,"column":8},"end":{"line":14,"column":35}},"type":"binary-expr","locations":[{"start":{"line":14,"column":8},"end":{"line":14,"column":16}},{"start":{"line":14,"column":20},"end":{"line":14,"column":35}}],"line":14},"3":{"loc":{"start":{"line":45,"column":4},"end":{"line":53,"column":5}},"type":"if","locations":[{"start":{"line":45,"column":4},"end":{"line":53,"column":5}},{"start":{"line":45,"column":4},"end":{"line":53,"column":5}}],"line":45},"4":{"loc":{"start":{"line":48,"column":6},"end":{"line":52,"column":7}},"type":"if","locations":[{"start":{"line":48,"column":6},"end":{"line":52,"column":7}},{"start":{"line":48,"column":6},"end":{"line":52,"column":7}}],"line":48},"5":{"loc":{"start":{"line":61,"column":2},"end":{"line":61,"column":13}},"type":"default-arg","locations":[{"start":{"line":61,"column":9},"end":{"line":61,"column":13}}],"line":61},"6":{"loc":{"start":{"line":62,"column":2},"end":{"line":62,"column":17}},"type":"default-arg","locations":[{"start":{"line":62,"column":14},"end":{"line":62,"column":17}}],"line":62},"7":{"loc":{"start":{"line":67,"column":4},"end":{"line":74,"column":5}},"type":"if","locations":[{"start":{"line":67,"column":4},"end":{"line":74,"column":5}},{"start":{"line":67,"column":4},"end":{"line":74,"column":5}}],"line":67}},"s":{"0":0,"1":0,"2":0,"3":0,"4":0,"5":0,"6":0,"7":0,"8":0,"9":0,"10":0,"11":0,"12":0,"13":0,"14":0,"15":0,"16":0,"17":0,"18":0,"19":0,"20":0,"21":0,"22":0,"23":0,"24":0,"25":0,"26":0,"27":0,"28":0,"29":0,"30":0,"31":0,"32":0},"f":{"0":0,"1":0,"2":0,"3":0,"4":0,"5":0,"6":0},"b":{"0":[0,0],"1":[0,0],"2":[0,0],"3":[0,0],"4":[0,0],"5":[0],"6":[0],"7":[0,0]},"hash":"e0a6e989c1307ee0ad1f88783c4465a08e8b147c"}}
,"/Users/dandrory/Work/photon/src/utils/themeFileLocation.js": {"data":{"path":"/Users/dandrory/Work/photon/src/utils/themeFileLocation.js","statementMap":{"0":{"start":{"line":1,"column":24},"end":{"line":8,"column":1}},"1":{"start":{"line":2,"column":2},"end":{"line":4,"column":3}},"2":{"start":{"line":3,"column":4},"end":{"line":3,"column":16}},"3":{"start":{"line":5,"column":2},"end":{"line":7,"column":3}},"4":{"start":{"line":6,"column":4},"end":{"line":6,"column":65}}},"fnMap":{"0":{"name":"(anonymous_0)","decl":{"start":{"line":1,"column":24},"end":{"line":1,"column":25}},"loc":{"start":{"line":1,"column":30},"end":{"line":8,"column":1}},"line":1}},"branchMap":{"0":{"loc":{"start":{"line":2,"column":2},"end":{"line":4,"column":3}},"type":"if","locations":[{"start":{"line":2,"column":2},"end":{"line":4,"column":3}},{"start":{"line":2,"column":2},"end":{"line":4,"column":3}}],"line":2},"1":{"loc":{"start":{"line":5,"column":2},"end":{"line":7,"column":3}},"type":"if","locations":[{"start":{"line":5,"column":2},"end":{"line":7,"column":3}},{"start":{"line":5,"column":2},"end":{"line":7,"column":3}}],"line":5}},"s":{"0":0,"1":0,"2":0,"3":0,"4":0},"f":{"0":0},"b":{"0":[0,0],"1":[0,0]},"hash":"9be470b9bb65622b7027a2c1fc56596e1924721a"}}
,"/Users/dandrory/Work/photon/src/utils/figmaTheme/index.js": {"data":{"path":"/Users/dandrory/Work/photon/src/utils/figmaTheme/index.js","statementMap":{},"fnMap":{},"branchMap":{},"s":{},"f":{},"b":{},"_coverageSchema":"43e27e138ebf9cfc5966b082cf9a028302ed4184","hash":"9aeab61317dd357a0ec985ca5c8db7ef611db17f"}}
,"/Users/dandrory/Work/photon/src/utils/figmaTheme/buildThemeFiles/buildThemeFiles.js": {"data":{"path":"/Users/dandrory/Work/photon/src/utils/figmaTheme/buildThemeFiles/buildThemeFiles.js","statementMap":{"0":{"start":{"line":3,"column":34},"end":{"line":31,"column":1}},"1":{"start":{"line":4,"column":23},"end":{"line":6,"column":3}},"2":{"start":{"line":5,"column":4},"end":{"line":5,"column":27}},"3":{"start":{"line":8,"column":2},"end":{"line":8,"column":34}},"4":{"start":{"line":8,"column":28},"end":{"line":8,"column":33}},"5":{"start":{"line":10,"column":26},"end":{"line":10,"column":58}},"6":{"start":{"line":11,"column":17},"end":{"line":13,"column":3}},"7":{"start":{"line":14,"column":25},"end":{"line":20,"column":8}},"8":{"start":{"line":15,"column":23},"end":{"line":15,"column":61}},"9":{"start":{"line":16,"column":24},"end":{"line":16,"column":50}},"10":{"start":{"line":17,"column":4},"end":{"line":19,"column":6}},"11":{"start":{"line":22,"column":22},"end":{"line":25,"column":3}},"12":{"start":{"line":23,"column":20},"end":{"line":23,"column":39}},"13":{"start":{"line":27,"column":2},"end":{"line":30,"column":4}}},"fnMap":{"0":{"name":"(anonymous_0)","decl":{"start":{"line":3,"column":34},"end":{"line":3,"column":35}},"loc":{"start":{"line":3,"column":57},"end":{"line":31,"column":1}},"line":3},"1":{"name":"(anonymous_1)","decl":{"start":{"line":4,"column":23},"end":{"line":4,"column":24}},"loc":{"start":{"line":4,"column":37},"end":{"line":6,"column":3}},"line":4},"2":{"name":"(anonymous_2)","decl":{"start":{"line":8,"column":22},"end":{"line":8,"column":23}},"loc":{"start":{"line":8,"column":28},"end":{"line":8,"column":33}},"line":8},"3":{"name":"(anonymous_3)","decl":{"start":{"line":14,"column":45},"end":{"line":14,"column":46}},"loc":{"start":{"line":14,"column":58},"end":{"line":20,"column":3}},"line":14},"4":{"name":"(anonymous_4)","decl":{"start":{"line":23,"column":4},"end":{"line":23,"column":5}},"loc":{"start":{"line":23,"column":20},"end":{"line":23,"column":39}},"line":23}},"branchMap":{},"s":{"0":1,"1":2,"2":20,"3":2,"4":6,"5":2,"6":2,"7":2,"8":4,"9":4,"10":4,"11":2,"12":4,"13":2},"f":{"0":2,"1":20,"2":6,"3":4,"4":4},"b":{},"_coverageSchema":"43e27e138ebf9cfc5966b082cf9a028302ed4184","hash":"f1b6fe5f0525cae0402ce7f507b215675ae31b13"}}
,"/Users/dandrory/Work/photon/src/utils/figmaTheme/buildThemeFiles/index.js": {"data":{"path":"/Users/dandrory/Work/photon/src/utils/figmaTheme/buildThemeFiles/index.js","statementMap":{},"fnMap":{},"branchMap":{},"s":{},"f":{},"b":{},"_coverageSchema":"43e27e138ebf9cfc5966b082cf9a028302ed4184","hash":"89961fd7eedb2e582b4d4eef974973872c7f3d52"}}
,"/Users/dandrory/Work/photon/src/utils/figmaTheme/getFigmaTheme/getFigmaTheme.js": {"data":{"path":"/Users/dandrory/Work/photon/src/utils/figmaTheme/getFigmaTheme/getFigmaTheme.js","statementMap":{"0":{"start":{"line":4,"column":18},"end":{"line":11,"column":1}},"1":{"start":{"line":5,"column":2},"end":{"line":10,"column":5}},"2":{"start":{"line":6,"column":4},"end":{"line":9,"column":6}},"3":{"start":{"line":13,"column":29},"end":{"line":63,"column":1}},"4":{"start":{"line":14,"column":20},"end":{"line":14,"column":32}},"5":{"start":{"line":16,"column":23},"end":{"line":18,"column":3}},"6":{"start":{"line":17,"column":4},"end":{"line":17,"column":34}},"7":{"start":{"line":20,"column":2},"end":{"line":22,"column":3}},"8":{"start":{"line":21,"column":4},"end":{"line":21,"column":43}},"9":{"start":{"line":24,"column":28},"end":{"line":24,"column":47}},"10":{"start":{"line":26,"column":24},"end":{"line":26,"column":79}},"11":{"start":{"line":26,"column":51},"end":{"line":26,"column":78}},"12":{"start":{"line":28,"column":2},"end":{"line":30,"column":3}},"13":{"start":{"line":29,"column":4},"end":{"line":29,"column":44}},"14":{"start":{"line":32,"column":20},"end":{"line":32,"column":40}},"15":{"start":{"line":34,"column":20},"end":{"line":34,"column":64}},"16":{"start":{"line":34,"column":49},"end":{"line":34,"column":63}},"17":{"start":{"line":36,"column":2},"end":{"line":40,"column":3}},"18":{"start":{"line":37,"column":4},"end":{"line":39,"column":6}},"19":{"start":{"line":42,"column":25},"end":{"line":44,"column":3}},"20":{"start":{"line":43,"column":17},"end":{"line":43,"column":70}},"21":{"start":{"line":46,"column":2},"end":{"line":50,"column":3}},"22":{"start":{"line":47,"column":4},"end":{"line":49,"column":6}},"23":{"start":{"line":52,"column":31},"end":{"line":57,"column":3}},"24":{"start":{"line":56,"column":4},"end":{"line":56,"column":60}},"25":{"start":{"line":59,"column":2},"end":{"line":62,"column":4}},"26":{"start":{"line":60,"column":23},"end":{"line":60,"column":50}},"27":{"start":{"line":65,"column":34},"end":{"line":77,"column":1}},"28":{"start":{"line":66,"column":20},"end":{"line":66,"column":32}},"29":{"start":{"line":68,"column":24},"end":{"line":68,"column":79}},"30":{"start":{"line":68,"column":51},"end":{"line":68,"column":78}},"31":{"start":{"line":70,"column":2},"end":{"line":72,"column":3}},"32":{"start":{"line":71,"column":4},"end":{"line":71,"column":44}},"33":{"start":{"line":74,"column":20},"end":{"line":74,"column":40}},"34":{"start":{"line":76,"column":2},"end":{"line":76,"column":43}},"35":{"start":{"line":76,"column":37},"end":{"line":76,"column":41}}},"fnMap":{"0":{"name":"(anonymous_0)","decl":{"start":{"line":4,"column":18},"end":{"line":4,"column":19}},"loc":{"start":{"line":4,"column":36},"end":{"line":11,"column":1}},"line":4},"1":{"name":"(anonymous_1)","decl":{"start":{"line":5,"column":18},"end":{"line":5,"column":19}},"loc":{"start":{"line":5,"column":28},"end":{"line":10,"column":3}},"line":5},"2":{"name":"(anonymous_2)","decl":{"start":{"line":13,"column":29},"end":{"line":13,"column":30}},"loc":{"start":{"line":13,"column":47},"end":{"line":63,"column":1}},"line":13},"3":{"name":"(anonymous_3)","decl":{"start":{"line":16,"column":38},"end":{"line":16,"column":39}},"loc":{"start":{"line":17,"column":4},"end":{"line":17,"column":34}},"line":17},"4":{"name":"(anonymous_4)","decl":{"start":{"line":26,"column":39},"end":{"line":26,"column":40}},"loc":{"start":{"line":26,"column":51},"end":{"line":26,"column":78}},"line":26},"5":{"name":"(anonymous_5)","decl":{"start":{"line":34,"column":35},"end":{"line":34,"column":36}},"loc":{"start":{"line":34,"column":49},"end":{"line":34,"column":63}},"line":34},"6":{"name":"(anonymous_6)","decl":{"start":{"line":43,"column":4},"end":{"line":43,"column":5}},"loc":{"start":{"line":43,"column":17},"end":{"line":43,"column":70}},"line":43},"7":{"name":"(anonymous_7)","decl":{"start":{"line":55,"column":11},"end":{"line":55,"column":12}},"loc":{"start":{"line":56,"column":4},"end":{"line":56,"column":60}},"line":56},"8":{"name":"(anonymous_8)","decl":{"start":{"line":60,"column":4},"end":{"line":60,"column":5}},"loc":{"start":{"line":60,"column":23},"end":{"line":60,"column":50}},"line":60},"9":{"name":"(anonymous_9)","decl":{"start":{"line":65,"column":34},"end":{"line":65,"column":35}},"loc":{"start":{"line":65,"column":43},"end":{"line":77,"column":1}},"line":65},"10":{"name":"(anonymous_10)","decl":{"start":{"line":68,"column":39},"end":{"line":68,"column":40}},"loc":{"start":{"line":68,"column":51},"end":{"line":68,"column":78}},"line":68},"11":{"name":"(anonymous_11)","decl":{"start":{"line":76,"column":23},"end":{"line":76,"column":24}},"loc":{"start":{"line":76,"column":37},"end":{"line":76,"column":41}},"line":76}},"branchMap":{"0":{"loc":{"start":{"line":20,"column":2},"end":{"line":22,"column":3}},"type":"if","locations":[{"start":{"line":20,"column":2},"end":{"line":22,"column":3}},{"start":{"line":20,"column":2},"end":{"line":22,"column":3}}],"line":20},"1":{"loc":{"start":{"line":28,"column":2},"end":{"line":30,"column":3}},"type":"if","locations":[{"start":{"line":28,"column":2},"end":{"line":30,"column":3}},{"start":{"line":28,"column":2},"end":{"line":30,"column":3}}],"line":28},"2":{"loc":{"start":{"line":36,"column":2},"end":{"line":40,"column":3}},"type":"if","locations":[{"start":{"line":36,"column":2},"end":{"line":40,"column":3}},{"start":{"line":36,"column":2},"end":{"line":40,"column":3}}],"line":36},"3":{"loc":{"start":{"line":46,"column":2},"end":{"line":50,"column":3}},"type":"if","locations":[{"start":{"line":46,"column":2},"end":{"line":50,"column":3}},{"start":{"line":46,"column":2},"end":{"line":50,"column":3}}],"line":46},"4":{"loc":{"start":{"line":46,"column":6},"end":{"line":46,"column":47}},"type":"binary-expr","locations":[{"start":{"line":46,"column":6},"end":{"line":46,"column":21}},{"start":{"line":46,"column":25},"end":{"line":46,"column":47}}],"line":46},"5":{"loc":{"start":{"line":70,"column":2},"end":{"line":72,"column":3}},"type":"if","locations":[{"start":{"line":70,"column":2},"end":{"line":72,"column":3}},{"start":{"line":70,"column":2},"end":{"line":72,"column":3}}],"line":70}},"s":{"0":2,"1":7,"2":31,"3":2,"4":11,"5":11,"6":14,"7":11,"8":1,"9":10,"10":10,"11":22,"12":10,"13":1,"14":9,"15":9,"16":16,"17":9,"18":1,"19":8,"20":27,"21":8,"22":1,"23":7,"24":38,"25":7,"26":17,"27":2,"28":4,"29":4,"30":10,"31":4,"32":1,"33":3,"34":3,"35":6},"f":{"0":7,"1":31,"2":11,"3":14,"4":22,"5":16,"6":27,"7":38,"8":17,"9":4,"10":10,"11":6},"b":{"0":[1,10],"1":[1,9],"2":[1,8],"3":[1,7],"4":[8,8],"5":[1,3]},"_coverageSchema":"43e27e138ebf9cfc5966b082cf9a028302ed4184","hash":"f6efe76e7c6113401681b9e4054ade587f3da0eb"}}
,"/Users/dandrory/Work/photon/src/utils/figmaTheme/getFigmaTheme/index.js": {"data":{"path":"/Users/dandrory/Work/photon/src/utils/figmaTheme/getFigmaTheme/index.js","statementMap":{},"fnMap":{},"branchMap":{},"s":{},"f":{},"b":{},"_coverageSchema":"43e27e138ebf9cfc5966b082cf9a028302ed4184","hash":"3633d65cc80e26aa5511c884afaa1e5baeed74e9"}}
,"/Users/dandrory/Work/photon/src/utils/figmaTheme/mockThemeFiles/testFileObjects.js": {"data":{"path":"/Users/dandrory/Work/photon/src/utils/figmaTheme/mockThemeFiles/testFileObjects.js","statementMap":{"0":{"start":{"line":6,"column":25},"end":{"line":32,"column":1}},"1":{"start":{"line":34,"column":31},"end":{"line":53,"column":1}},"2":{"start":{"line":55,"column":28},"end":{"line":63,"column":1}},"3":{"start":{"line":65,"column":34},"end":{"line":74,"column":1}},"4":{"start":{"line":76,"column":33},"end":{"line":81,"column":1}},"5":{"start":{"line":83,"column":34},"end":{"line":90,"column":1}},"6":{"start":{"line":92,"column":41},"end":{"line":112,"column":1}}},"fnMap":{},"branchMap":{},"s":{"0":2,"1":2,"2":2,"3":2,"4":2,"5":2,"6":2},"f":{},"b":{},"_coverageSchema":"43e27e138ebf9cfc5966b082cf9a028302ed4184","hash":"36032beec7034247c6098373f8aad48c06e05273"}}
,"/Users/dandrory/Work/photon/src/utils/figmaTheme/parseFigmaTheme/index.js": {"data":{"path":"/Users/dandrory/Work/photon/src/utils/figmaTheme/parseFigmaTheme/index.js","statementMap":{},"fnMap":{},"branchMap":{},"s":{},"f":{},"b":{},"_coverageSchema":"43e27e138ebf9cfc5966b082cf9a028302ed4184","hash":"cef375139cf68cb50af2f8b54e7ddde7b5ed1229"}}
,"/Users/dandrory/Work/photon/src/utils/figmaTheme/parseFigmaTheme/parseFigmaTheme.js": {"data":{"path":"/Users/dandrory/Work/photon/src/utils/figmaTheme/parseFigmaTheme/parseFigmaTheme.js","statementMap":{"0":{"start":{"line":3,"column":30},"end":{"line":5,"column":1}},"1":{"start":{"line":4,"column":2},"end":{"line":4,"column":41}},"2":{"start":{"line":7,"column":27},"end":{"line":25,"column":1}},"3":{"start":{"line":8,"column":23},"end":{"line":8,"column":25}},"4":{"start":{"line":10,"column":2},"end":{"line":22,"column":5}},"5":{"start":{"line":11,"column":4},"end":{"line":15,"column":5}},"6":{"start":{"line":12,"column":6},"end":{"line":14,"column":8}},"7":{"start":{"line":16,"column":4},"end":{"line":19,"column":5}},"8":{"start":{"line":17,"column":6},"end":{"line":17,"column":66}},"9":{"start":{"line":18,"column":6},"end":{"line":18,"column":13}},"10":{"start":{"line":21,"column":4},"end":{"line":21,"column":55}},"11":{"start":{"line":24,"column":2},"end":{"line":24,"column":22}},"12":{"start":{"line":27,"column":38},"end":{"line":46,"column":1}},"13":{"start":{"line":32,"column":26},"end":{"line":32,"column":28}},"14":{"start":{"line":34,"column":2},"end":{"line":43,"column":5}},"15":{"start":{"line":35,"column":4},"end":{"line":42,"column":5}},"16":{"start":{"line":36,"column":6},"end":{"line":39,"column":8}},"17":{"start":{"line":41,"column":6},"end":{"line":41,"column":48}},"18":{"start":{"line":45,"column":2},"end":{"line":45,"column":25}}},"fnMap":{"0":{"name":"(anonymous_0)","decl":{"start":{"line":3,"column":30},"end":{"line":3,"column":31}},"loc":{"start":{"line":3,"column":42},"end":{"line":5,"column":1}},"line":3},"1":{"name":"(anonymous_1)","decl":{"start":{"line":7,"column":27},"end":{"line":7,"column":28}},"loc":{"start":{"line":7,"column":45},"end":{"line":25,"column":1}},"line":7},"2":{"name":"(anonymous_2)","decl":{"start":{"line":10,"column":30},"end":{"line":10,"column":31}},"loc":{"start":{"line":10,"column":37},"end":{"line":22,"column":3}},"line":10},"3":{"name":"(anonymous_3)","decl":{"start":{"line":27,"column":38},"end":{"line":27,"column":39}},"loc":{"start":{"line":31,"column":5},"end":{"line":46,"column":1}},"line":31},"4":{"name":"(anonymous_4)","decl":{"start":{"line":34,"column":30},"end":{"line":34,"column":31}},"loc":{"start":{"line":34,"column":37},"end":{"line":43,"column":3}},"line":34}},"branchMap":{"0":{"loc":{"start":{"line":11,"column":4},"end":{"line":15,"column":5}},"type":"if","locations":[{"start":{"line":11,"column":4},"end":{"line":15,"column":5}},{"start":{"line":11,"column":4},"end":{"line":15,"column":5}}],"line":11},"1":{"loc":{"start":{"line":16,"column":4},"end":{"line":19,"column":5}},"type":"if","locations":[{"start":{"line":16,"column":4},"end":{"line":19,"column":5}},{"start":{"line":16,"column":4},"end":{"line":19,"column":5}}],"line":16},"2":{"loc":{"start":{"line":29,"column":2},"end":{"line":29,"column":13}},"type":"default-arg","locations":[{"start":{"line":29,"column":9},"end":{"line":29,"column":13}}],"line":29},"3":{"loc":{"start":{"line":30,"column":2},"end":{"line":30,"column":17}},"type":"default-arg","locations":[{"start":{"line":30,"column":14},"end":{"line":30,"column":17}}],"line":30},"4":{"loc":{"start":{"line":35,"column":4},"end":{"line":42,"column":5}},"type":"if","locations":[{"start":{"line":35,"column":4},"end":{"line":42,"column":5}},{"start":{"line":35,"column":4},"end":{"line":42,"column":5}}],"line":35}},"s":{"0":2,"1":7,"2":2,"3":36,"4":36,"5":136,"6":1,"7":135,"8":106,"9":106,"10":29,"11":34,"12":2,"13":6,"14":6,"15":23,"16":5,"17":18,"18":6},"f":{"0":7,"1":36,"2":136,"3":6,"4":23},"b":{"0":[1,135],"1":[106,29],"2":[1],"3":[6],"4":[5,18]},"_coverageSchema":"43e27e138ebf9cfc5966b082cf9a028302ed4184","hash":"2bed5acba75ed38720fc0a5c6654a4ca43dff05c"}}
,"/Users/dandrory/Work/photon/src/utils/figmaTheme/templateResolvers/index.js": {"data":{"path":"/Users/dandrory/Work/photon/src/utils/figmaTheme/templateResolvers/index.js","statementMap":{},"fnMap":{},"branchMap":{},"s":{},"f":{},"b":{},"_coverageSchema":"43e27e138ebf9cfc5966b082cf9a028302ed4184","hash":"79a987f1ec8dd123db3e98295c894245cbb95124"}}
,"/Users/dandrory/Work/photon/src/utils/figmaTheme/templateResolvers/replaceTemplateValue.js": {"data":{"path":"/Users/dandrory/Work/photon/src/utils/figmaTheme/templateResolvers/replaceTemplateValue.js","statementMap":{"0":{"start":{"line":4,"column":36},"end":{"line":20,"column":1}},"1":{"start":{"line":5,"column":2},"end":{"line":9,"column":3}},"2":{"start":{"line":6,"column":4},"end":{"line":8,"column":6}},"3":{"start":{"line":10,"column":2},"end":{"line":14,"column":3}},"4":{"start":{"line":11,"column":4},"end":{"line":13,"column":6}},"5":{"start":{"line":15,"column":2},"end":{"line":17,"column":3}},"6":{"start":{"line":16,"column":4},"end":{"line":16,"column":54}},"7":{"start":{"line":18,"column":19},"end":{"line":18,"column":46}},"8":{"start":{"line":19,"column":2},"end":{"line":19,"column":39}}},"fnMap":{"0":{"name":"(anonymous_0)","decl":{"start":{"line":4,"column":36},"end":{"line":4,"column":37}},"loc":{"start":{"line":4,"column":61},"end":{"line":20,"column":1}},"line":4}},"branchMap":{"0":{"loc":{"start":{"line":5,"column":2},"end":{"line":9,"column":3}},"type":"if","locations":[{"start":{"line":5,"column":2},"end":{"line":9,"column":3}},{"start":{"line":5,"column":2},"end":{"line":9,"column":3}}],"line":5},"1":{"loc":{"start":{"line":5,"column":6},"end":{"line":5,"column":76}},"type":"binary-expr","locations":[{"start":{"line":5,"column":6},"end":{"line":5,"column":39}},{"start":{"line":5,"column":43},"end":{"line":5,"column":76}}],"line":5},"2":{"loc":{"start":{"line":10,"column":2},"end":{"line":14,"column":3}},"type":"if","locations":[{"start":{"line":10,"column":2},"end":{"line":14,"column":3}},{"start":{"line":10,"column":2},"end":{"line":14,"column":3}}],"line":10},"3":{"loc":{"start":{"line":10,"column":6},"end":{"line":10,"column":62}},"type":"binary-expr","locations":[{"start":{"line":10,"column":6},"end":{"line":10,"column":39}},{"start":{"line":10,"column":43},"end":{"line":10,"column":62}}],"line":10},"4":{"loc":{"start":{"line":15,"column":2},"end":{"line":17,"column":3}},"type":"if","locations":[{"start":{"line":15,"column":2},"end":{"line":17,"column":3}},{"start":{"line":15,"column":2},"end":{"line":17,"column":3}}],"line":15}},"s":{"0":3,"1":387,"2":1,"3":386,"4":1,"5":385,"6":207,"7":178,"8":178},"f":{"0":387},"b":{"0":[1,386],"1":[387,180],"2":[1,385],"3":[386,179],"4":[207,178]},"_coverageSchema":"43e27e138ebf9cfc5966b082cf9a028302ed4184","hash":"0d1082bf7eeafebe86683d2b5f6f1ac68909a599"}}
,"/Users/dandrory/Work/photon/src/utils/figmaTheme/templateResolvers/resolveTemplateString.js": {"data":{"path":"/Users/dandrory/Work/photon/src/utils/figmaTheme/templateResolvers/resolveTemplateString.js","statementMap":{"0":{"start":{"line":4,"column":37},"end":{"line":50,"column":1}},"1":{"start":{"line":11,"column":2},"end":{"line":49,"column":3}},"2":{"start":{"line":12,"column":20},"end":{"line":12,"column":56}},"3":{"start":{"line":14,"column":4},"end":{"line":16,"column":5}},"4":{"start":{"line":15,"column":6},"end":{"line":15,"column":28}},"5":{"start":{"line":18,"column":23},"end":{"line":18,"column":37}},"6":{"start":{"line":20,"column":4},"end":{"line":38,"column":7}},"7":{"start":{"line":21,"column":28},"end":{"line":21,"column":67}},"8":{"start":{"line":22,"column":20},"end":{"line":22,"column":66}},"9":{"start":{"line":23,"column":28},"end":{"line":23,"column":61}},"10":{"start":{"line":24,"column":6},"end":{"line":31,"column":7}},"11":{"start":{"line":28,"column":8},"end":{"line":30,"column":10}},"12":{"start":{"line":32,"column":6},"end":{"line":36,"column":7}},"13":{"start":{"line":34,"column":8},"end":{"line":34,"column":37}},"14":{"start":{"line":35,"column":8},"end":{"line":35,"column":15}},"15":{"start":{"line":37,"column":6},"end":{"line":37,"column":64}},"16":{"start":{"line":40,"column":4},"end":{"line":40,"column":24}},"17":{"start":{"line":42,"column":4},"end":{"line":47,"column":6}},"18":{"start":{"line":48,"column":4},"end":{"line":48,"column":27}}},"fnMap":{"0":{"name":"(anonymous_0)","decl":{"start":{"line":4,"column":37},"end":{"line":4,"column":38}},"loc":{"start":{"line":10,"column":5},"end":{"line":50,"column":1}},"line":10},"1":{"name":"(anonymous_1)","decl":{"start":{"line":20,"column":20},"end":{"line":20,"column":21}},"loc":{"start":{"line":20,"column":29},"end":{"line":38,"column":5}},"line":20}},"branchMap":{"0":{"loc":{"start":{"line":7,"column":2},"end":{"line":7,"column":15}},"type":"default-arg","locations":[{"start":{"line":7,"column":12},"end":{"line":7,"column":15}}],"line":7},"1":{"loc":{"start":{"line":8,"column":2},"end":{"line":8,"column":16}},"type":"default-arg","locations":[{"start":{"line":8,"column":13},"end":{"line":8,"column":16}}],"line":8},"2":{"loc":{"start":{"line":9,"column":2},"end":{"line":9,"column":17}},"type":"default-arg","locations":[{"start":{"line":9,"column":15},"end":{"line":9,"column":17}}],"line":9},"3":{"loc":{"start":{"line":14,"column":4},"end":{"line":16,"column":5}},"type":"if","locations":[{"start":{"line":14,"column":4},"end":{"line":16,"column":5}},{"start":{"line":14,"column":4},"end":{"line":16,"column":5}}],"line":14},"4":{"loc":{"start":{"line":14,"column":8},"end":{"line":14,"column":35}},"type":"binary-expr","locations":[{"start":{"line":14,"column":8},"end":{"line":14,"column":16}},{"start":{"line":14,"column":20},"end":{"line":14,"column":35}}],"line":14},"5":{"loc":{"start":{"line":24,"column":6},"end":{"line":31,"column":7}},"type":"if","locations":[{"start":{"line":24,"column":6},"end":{"line":31,"column":7}},{"start":{"line":24,"column":6},"end":{"line":31,"column":7}}],"line":24},"6":{"loc":{"start":{"line":25,"column":8},"end":{"line":26,"column":41}},"type":"binary-expr","locations":[{"start":{"line":25,"column":8},"end":{"line":25,"column":46}},{"start":{"line":26,"column":8},"end":{"line":26,"column":41}}],"line":25},"7":{"loc":{"start":{"line":32,"column":6},"end":{"line":36,"column":7}},"type":"if","locations":[{"start":{"line":32,"column":6},"end":{"line":36,"column":7}},{"start":{"line":32,"column":6},"end":{"line":36,"column":7}}],"line":32}},"s":{"0":3,"1":207,"2":207,"3":207,"4":160,"5":47,"6":47,"7":48,"8":48,"9":48,"10":47,"11":1,"12":46,"13":44,"14":44,"15":2,"16":45,"17":2,"18":2},"f":{"0":207,"1":48},"b":{"0":[207],"1":[207],"2":[207],"3":[160,47],"4":[207,47],"5":[1,46],"6":[47,3],"7":[44,2]},"_coverageSchema":"43e27e138ebf9cfc5966b082cf9a028302ed4184","hash":"acdeeb6f4a0fd6da9870bb0c09782df997572975"}}
,"/Users/dandrory/Work/photon/src/utils/figmaTheme/templateResolvers/parsers/basicParser.js": {"data":{"path":"/Users/dandrory/Work/photon/src/utils/figmaTheme/templateResolvers/parsers/basicParser.js","statementMap":{"0":{"start":{"line":3,"column":27},"end":{"line":5,"column":1}},"1":{"start":{"line":4,"column":2},"end":{"line":4,"column":49}}},"fnMap":{"0":{"name":"(anonymous_0)","decl":{"start":{"line":3,"column":27},"end":{"line":3,"column":28}},"loc":{"start":{"line":3,"column":44},"end":{"line":5,"column":1}},"line":3}},"branchMap":{},"s":{"0":3,"1":160},"f":{"0":160},"b":{},"_coverageSchema":"43e27e138ebf9cfc5966b082cf9a028302ed4184","hash":"0d20b992c827176f52004ae139c7399fc5a62b3f"}}
,"/Users/dandrory/Work/photon/src/utils/figmaTheme/templateResolvers/parsers/boxShadowParser.js": {"data":{"path":"/Users/dandrory/Work/photon/src/utils/figmaTheme/templateResolvers/parsers/boxShadowParser.js","statementMap":{"0":{"start":{"line":3,"column":31},"end":{"line":18,"column":1}},"1":{"start":{"line":4,"column":2},"end":{"line":6,"column":3}},"2":{"start":{"line":5,"column":4},"end":{"line":5,"column":51}},"3":{"start":{"line":7,"column":24},"end":{"line":16,"column":3}},"4":{"start":{"line":9,"column":6},"end":{"line":15,"column":48}},"5":{"start":{"line":17,"column":2},"end":{"line":17,"column":39}}},"fnMap":{"0":{"name":"(anonymous_0)","decl":{"start":{"line":3,"column":31},"end":{"line":3,"column":32}},"loc":{"start":{"line":3,"column":48},"end":{"line":18,"column":1}},"line":3},"1":{"name":"(anonymous_1)","decl":{"start":{"line":8,"column":4},"end":{"line":8,"column":5}},"loc":{"start":{"line":9,"column":6},"end":{"line":15,"column":48}},"line":9}},"branchMap":{"0":{"loc":{"start":{"line":4,"column":2},"end":{"line":6,"column":3}},"type":"if","locations":[{"start":{"line":4,"column":2},"end":{"line":6,"column":3}},{"start":{"line":4,"column":2},"end":{"line":6,"column":3}}],"line":4}},"s":{"0":3,"1":5,"2":1,"3":4,"4":4,"5":4},"f":{"0":5,"1":4},"b":{"0":[1,4]},"_coverageSchema":"43e27e138ebf9cfc5966b082cf9a028302ed4184","hash":"492bcc17a3fc601fdf2840dfd46fa618704b699c"}}
,"/Users/dandrory/Work/photon/src/utils/figmaTheme/templateResolvers/parsers/compositionParser.js": {"data":{"path":"/Users/dandrory/Work/photon/src/utils/figmaTheme/templateResolvers/parsers/compositionParser.js","statementMap":{"0":{"start":{"line":3,"column":33},"end":{"line":14,"column":1}},"1":{"start":{"line":4,"column":2},"end":{"line":6,"column":3}},"2":{"start":{"line":5,"column":4},"end":{"line":5,"column":57}},"3":{"start":{"line":7,"column":2},"end":{"line":13,"column":4}},"4":{"start":{"line":8,"column":28},"end":{"line":11,"column":5}}},"fnMap":{"0":{"name":"(anonymous_0)","decl":{"start":{"line":3,"column":33},"end":{"line":3,"column":34}},"loc":{"start":{"line":3,"column":56},"end":{"line":14,"column":1}},"line":3},"1":{"name":"(anonymous_1)","decl":{"start":{"line":8,"column":4},"end":{"line":8,"column":5}},"loc":{"start":{"line":8,"column":28},"end":{"line":11,"column":5}},"line":8}},"branchMap":{"0":{"loc":{"start":{"line":4,"column":2},"end":{"line":6,"column":3}},"type":"if","locations":[{"start":{"line":4,"column":2},"end":{"line":6,"column":3}},{"start":{"line":4,"column":2},"end":{"line":6,"column":3}}],"line":4}},"s":{"0":3,"1":11,"2":2,"3":9,"4":18},"f":{"0":11,"1":18},"b":{"0":[2,9]},"_coverageSchema":"43e27e138ebf9cfc5966b082cf9a028302ed4184","hash":"480610e23369d1ee44e4d157d0026179d94b68c9"}}
,"/Users/dandrory/Work/photon/src/utils/figmaTheme/templateResolvers/parsers/index.js": {"data":{"path":"/Users/dandrory/Work/photon/src/utils/figmaTheme/templateResolvers/parsers/index.js","statementMap":{"0":{"start":{"line":5,"column":16},"end":{"line":16,"column":1}}},"fnMap":{},"branchMap":{},"s":{"0":3},"f":{},"b":{},"_coverageSchema":"43e27e138ebf9cfc5966b082cf9a028302ed4184","hash":"779c345db50a28df1ca3e95b8f399fb342b75115"}}
,"/Users/dandrory/Work/photon/src/utils/figmaTheme/templateResolvers/test/themeRoots.js": {"data":{"path":"/Users/dandrory/Work/photon/src/utils/figmaTheme/templateResolvers/test/themeRoots.js","statementMap":{"0":{"start":{"line":1,"column":25},"end":{"line":16,"column":1}},"1":{"start":{"line":18,"column":31},"end":{"line":29,"column":1}},"2":{"start":{"line":31,"column":32},"end":{"line":42,"column":1}},"3":{"start":{"line":44,"column":31},"end":{"line":55,"column":1}},"4":{"start":{"line":57,"column":25},"end":{"line":68,"column":1}},"5":{"start":{"line":70,"column":27},"end":{"line":81,"column":1}},"6":{"start":{"line":83,"column":32},"end":{"line":94,"column":1}},"7":{"start":{"line":96,"column":30},"end":{"line":124,"column":1}},"8":{"start":{"line":126,"column":31},"end":{"line":154,"column":1}},"9":{"start":{"line":156,"column":29},"end":{"line":202,"column":1}},"10":{"start":{"line":204,"column":26},"end":{"line":239,"column":1}},"11":{"start":{"line":241,"column":26},"end":{"line":249,"column":1}},"12":{"start":{"line":251,"column":31},"end":{"line":262,"column":1}}},"fnMap":{},"branchMap":{},"s":{"0":1,"1":1,"2":1,"3":1,"4":1,"5":1,"6":1,"7":1,"8":1,"9":1,"10":1,"11":1,"12":1},"f":{},"b":{},"_coverageSchema":"43e27e138ebf9cfc5966b082cf9a028302ed4184","hash":"57a463b07a43a3c9ad03bcfc8c781d895a2c8afb"}}
}
