TN:
SF:/Users/dandrory/Work/photon/src/components v2/Button/Button.vue
FNF:0
FNH:0
DA:30,2
DA:31,2
LF:2
LH:2
BRF:0
BRH:0
end_of_record
TN:
SF:/Users/dandrory/Work/photon/src/components v2/Form/Form.vue
FNF:0
FNH:0
DA:14,1
LF:1
LH:1
BRF:0
BRH:0
end_of_record
TN:
SF:/Users/dandrory/Work/photon/src/components v2/Input/Input.vue
FNF:0
FNH:0
DA:26,0
DA:27,0
DA:28,0
LF:3
LH:0
BRF:0
BRH:0
end_of_record
TN:
SF:/Users/dandrory/Work/photon/src/components v2/InputNumber/InputNumber.vue
FNF:0
FNH:0
DA:39,1
DA:40,1
DA:41,1
DA:42,1
LF:4
LH:4
BRF:0
BRH:0
end_of_record
TN:
SF:/Users/dandrory/Work/photon/src/components v2/Message/Message.vue
FNF:0
FNH:0
DA:36,1
DA:37,1
DA:38,1
DA:39,1
LF:4
LH:4
BRF:0
BRH:0
end_of_record
TN:
SF:/Users/dandrory/Work/photon/src/components/Accordion/Accordion.vue
FNF:0
FNH:0
DA:60,0
DA:61,0
DA:62,0
LF:3
LH:0
BRF:0
BRH:0
end_of_record
TN:
SF:/Users/dandrory/Work/photon/src/components/Autocomplete/AutoComplete.vue
FNF:0
FNH:0
DA:175,2
DA:176,2
DA:177,2
DA:178,2
DA:196,2
DA:198,2
LF:6
LH:6
BRF:0
BRH:0
end_of_record
TN:
SF:/Users/dandrory/Work/photon/src/components/Badge/Badge.vue
FNF:0
FNH:0
DA:25,1
LF:1
LH:1
BRF:0
BRH:0
end_of_record
TN:
SF:/Users/dandrory/Work/photon/src/components/BrandGradientText/BrandGradientText.vue
FNF:0
FNH:0
DA:10,2
LF:1
LH:1
BRF:0
BRH:0
end_of_record
TN:
SF:/Users/dandrory/Work/photon/src/components/Button/Button.vue
FNF:0
FNH:0
DA:62,4
DA:63,4
LF:2
LH:2
BRF:0
BRH:0
end_of_record
TN:
SF:/Users/dandrory/Work/photon/src/components/Checkbox/Checkbox.vue
FNF:0
FNH:0
DA:42,1
DA:43,1
DA:44,1
DA:45,1
LF:4
LH:4
BRF:0
BRH:0
end_of_record
TN:
SF:/Users/dandrory/Work/photon/src/components/CheckboxGroup/CheckboxGroup.vue
FNF:0
FNH:0
DA:53,0
DA:54,0
DA:55,0
DA:56,0
DA:57,0
LF:5
LH:0
BRF:0
BRH:0
end_of_record
TN:
SF:/Users/dandrory/Work/photon/src/components/DateInput/DateInput.vue
FNF:0
FNH:0
DA:52,1
DA:53,1
LF:2
LH:2
BRF:0
BRH:0
end_of_record
TN:
SF:/Users/dandrory/Work/photon/src/components/Dialog/Dialog.vue
FNF:0
FNH:0
DA:43,1
DA:44,1
LF:2
LH:2
BRF:0
BRH:0
end_of_record
TN:
SF:/Users/dandrory/Work/photon/src/components/FiguresCard/FiguresCard.vue
FNF:0
FNH:0
DA:27,1
DA:29,1
DA:30,1
LF:3
LH:3
BRF:0
BRH:0
end_of_record
TN:
SF:/Users/dandrory/Work/photon/src/components/Form/Form.vue
FNF:0
FNH:0
DA:14,1
LF:1
LH:1
BRF:0
BRH:0
end_of_record
TN:
SF:/Users/dandrory/Work/photon/src/components/Icon/Icon.vue
FNF:0
FNH:0
DA:14,20
DA:15,20
DA:17,20
LF:3
LH:3
BRF:0
BRH:0
end_of_record
TN:
SF:/Users/dandrory/Work/photon/src/components/InfoCard/InfoCard.vue
FNF:0
FNH:0
DA:35,1
DA:36,1
DA:37,1
LF:3
LH:3
BRF:0
BRH:0
end_of_record
TN:
SF:/Users/dandrory/Work/photon/src/components/Input/Input.vue
FNF:0
FNH:0
DA:19,12
DA:20,12
DA:21,12
LF:3
LH:3
BRF:0
BRH:0
end_of_record
TN:
SF:/Users/dandrory/Work/photon/src/components/InputBasicSelect/InputBasicSelect.vue
FNF:0
FNH:0
DA:103,1
DA:104,1
DA:105,1
DA:106,1
DA:108,1
LF:5
LH:5
BRF:0
BRH:0
end_of_record
TN:
SF:/Users/dandrory/Work/photon/src/components/InputNumber/InputNumber.vue
FNF:0
FNH:0
DA:34,1
DA:35,1
DA:36,1
LF:3
LH:3
BRF:0
BRH:0
end_of_record
TN:
SF:/Users/dandrory/Work/photon/src/components/InputPhone/InputPhone.vue
FNF:0
FNH:0
DA:41,1
DA:42,1
DA:43,1
DA:45,1
LF:4
LH:4
BRF:0
BRH:0
end_of_record
TN:
SF:/Users/dandrory/Work/photon/src/components/InputRadio/InputRadio.vue
FNF:0
FNH:0
DA:54,2
DA:55,2
LF:2
LH:2
BRF:0
BRH:0
end_of_record
TN:
SF:/Users/dandrory/Work/photon/src/components/InputSelect/InputSelect.vue
FNF:0
FNH:0
DA:27,1
DA:28,1
DA:29,1
DA:30,1
LF:4
LH:4
BRF:0
BRH:0
end_of_record
TN:
SF:/Users/dandrory/Work/photon/src/components/InputSlider/InputSlider.vue
FNF:0
FNH:0
DA:33,0
DA:34,0
DA:35,0
DA:36,0
DA:37,0
DA:39,0
LF:6
LH:0
BRF:0
BRH:0
end_of_record
TN:
SF:/Users/dandrory/Work/photon/src/components/InputText/InputText.vue
FNF:0
FNH:0
DA:54,4
DA:55,4
DA:56,4
DA:57,4
DA:59,4
LF:5
LH:5
BRF:0
BRH:0
end_of_record
TN:
SF:/Users/dandrory/Work/photon/src/components/Link/Link.vue
FNF:0
FNH:0
DA:20,1
LF:1
LH:1
BRF:0
BRH:0
end_of_record
TN:
SF:/Users/dandrory/Work/photon/src/components/List/List.vue
FNF:0
FNH:0
DA:7,0
LF:1
LH:0
BRF:0
BRH:0
end_of_record
TN:
SF:/Users/dandrory/Work/photon/src/components/ListItem/ListItem.vue
FNF:0
FNH:0
DA:9,0
LF:1
LH:0
BRF:0
BRH:0
end_of_record
TN:
SF:/Users/dandrory/Work/photon/src/components/Loader/Loader.vue
FNF:0
FNH:0
DA:27,0
LF:1
LH:0
BRF:0
BRH:0
end_of_record
TN:
SF:/Users/dandrory/Work/photon/src/components/Message/Message.vue
FNF:0
FNH:0
DA:35,2
DA:36,2
DA:37,2
DA:38,2
LF:4
LH:4
BRF:0
BRH:0
end_of_record
TN:
SF:/Users/dandrory/Work/photon/src/components/ProgressCircular/ProgressCircular.vue
FNF:0
FNH:0
DA:45,1
LF:1
LH:1
BRF:0
BRH:0
end_of_record
TN:
SF:/Users/dandrory/Work/photon/src/components/RadioGroup/RadioGroup.vue
FNF:0
FNH:0
DA:28,1
DA:29,1
DA:30,1
DA:31,1
DA:32,1
LF:5
LH:5
BRF:0
BRH:0
end_of_record
TN:
SF:/Users/dandrory/Work/photon/src/components/Rate/Rate.vue
FNF:0
FNH:0
DA:40,1
DA:41,1
LF:2
LH:2
BRF:0
BRH:0
end_of_record
TN:
SF:/Users/dandrory/Work/photon/src/components/SkeletonLoader/SkeletonLoader.vue
FNF:0
FNH:0
DA:88,1
LF:1
LH:1
BRF:0
BRH:0
end_of_record
TN:
SF:/Users/dandrory/Work/photon/src/components/SkipLink/SkipLink.vue
FNF:0
FNH:0
DA:22,0
LF:1
LH:0
BRF:0
BRH:0
end_of_record
TN:
SF:/Users/dandrory/Work/photon/src/components/Slider/Slider.vue
FNF:0
FNH:0
DA:27,0
DA:28,0
DA:30,0
DA:31,0
LF:4
LH:0
BRF:0
BRH:0
end_of_record
TN:
SF:/Users/dandrory/Work/photon/src/components/SwitchToggle/SwitchToggle.vue
FNF:0
FNH:0
DA:26,1
DA:27,1
DA:28,1
LF:3
LH:3
BRF:0
BRH:0
end_of_record
TN:
SF:/Users/dandrory/Work/photon/src/components/Toast/Toast.vue
FNF:0
FNH:0
DA:19,1
DA:20,1
LF:2
LH:2
BRF:0
BRH:0
end_of_record
TN:
SF:/Users/dandrory/Work/photon/src/components/Typography/Blockquote.vue
FNF:0
FNH:0
DA:8,12
LF:1
LH:1
BRF:0
BRH:0
end_of_record
TN:
SF:/Users/dandrory/Work/photon/src/components/Typography/Text.vue
FNF:0
FNH:0
DA:8,12
DA:10,12
LF:2
LH:2
BRF:0
BRH:0
end_of_record
TN:
SF:/Users/dandrory/Work/photon/src/utils/injectThemeCssVariables.js
FN:1,(anonymous_0)
FN:10,(anonymous_1)
FNF:2
FNH:0
FNDA:0,(anonymous_0)
FNDA:0,(anonymous_1)
DA:1,0
DA:2,0
DA:4,0
DA:7,0
DA:9,0
DA:11,0
DA:16,0
DA:21,0
LF:8
LH:0
BRDA:4,0,0,0
BRDA:4,0,1,0
BRF:2
BRH:0
end_of_record
TN:
SF:/Users/dandrory/Work/photon/src/utils/parseBrandingJson.js
FN:3,(anonymous_0)
FN:7,(anonymous_1)
FN:20,(anonymous_2)
FN:41,(anonymous_3)
FN:44,(anonymous_4)
FN:59,(anonymous_5)
FN:66,(anonymous_6)
FNF:7
FNH:0
FNDA:0,(anonymous_0)
FNDA:0,(anonymous_1)
FNDA:0,(anonymous_2)
FNDA:0,(anonymous_3)
FNDA:0,(anonymous_4)
FNDA:0,(anonymous_5)
FNDA:0,(anonymous_6)
DA:3,0
DA:4,0
DA:7,0
DA:8,0
DA:9,0
DA:11,0
DA:12,0
DA:14,0
DA:15,0
DA:18,0
DA:20,0
DA:21,0
DA:22,0
DA:23,0
DA:29,0
DA:31,0
DA:37,0
DA:41,0
DA:42,0
DA:44,0
DA:45,0
DA:46,0
DA:48,0
DA:49,0
DA:51,0
DA:56,0
DA:59,0
DA:64,0
DA:66,0
DA:67,0
DA:68,0
DA:73,0
DA:77,0
LF:33
LH:0
BRDA:8,0,0,0
BRDA:8,0,1,0
BRDA:14,1,0,0
BRDA:14,1,1,0
BRDA:14,2,0,0
BRDA:14,2,1,0
BRDA:45,3,0,0
BRDA:45,3,1,0
BRDA:48,4,0,0
BRDA:48,4,1,0
BRDA:61,5,0,0
BRDA:62,6,0,0
BRDA:67,7,0,0
BRDA:67,7,1,0
BRF:14
BRH:0
end_of_record
TN:
SF:/Users/dandrory/Work/photon/src/utils/themeFileLocation.js
FN:1,(anonymous_0)
FNF:1
FNH:0
FNDA:0,(anonymous_0)
DA:1,0
DA:2,0
DA:3,0
DA:5,0
DA:6,0
LF:5
LH:0
BRDA:2,0,0,0
BRDA:2,0,1,0
BRDA:5,1,0,0
BRDA:5,1,1,0
BRF:4
BRH:0
end_of_record
TN:
SF:/Users/dandrory/Work/photon/src/utils/figmaTheme/index.js
FNF:0
FNH:0
LF:0
LH:0
BRF:0
BRH:0
end_of_record
TN:
SF:/Users/dandrory/Work/photon/src/utils/figmaTheme/buildThemeFiles/buildThemeFiles.js
FN:3,(anonymous_0)
FN:4,(anonymous_1)
FN:8,(anonymous_2)
FN:14,(anonymous_3)
FN:23,(anonymous_4)
FNF:5
FNH:5
FNDA:2,(anonymous_0)
FNDA:20,(anonymous_1)
FNDA:6,(anonymous_2)
FNDA:4,(anonymous_3)
FNDA:4,(anonymous_4)
DA:3,1
DA:4,2
DA:5,20
DA:8,6
DA:10,2
DA:11,2
DA:14,2
DA:15,4
DA:16,4
DA:17,4
DA:22,2
DA:23,4
DA:27,2
LF:13
LH:13
BRF:0
BRH:0
end_of_record
TN:
SF:/Users/dandrory/Work/photon/src/utils/figmaTheme/buildThemeFiles/index.js
FNF:0
FNH:0
LF:0
LH:0
BRF:0
BRH:0
end_of_record
TN:
SF:/Users/dandrory/Work/photon/src/utils/figmaTheme/getFigmaTheme/getFigmaTheme.js
FN:4,(anonymous_0)
FN:5,(anonymous_1)
FN:13,(anonymous_2)
FN:16,(anonymous_3)
FN:26,(anonymous_4)
FN:34,(anonymous_5)
FN:43,(anonymous_6)
FN:55,(anonymous_7)
FN:60,(anonymous_8)
FN:65,(anonymous_9)
FN:68,(anonymous_10)
FN:76,(anonymous_11)
FNF:12
FNH:12
FNDA:7,(anonymous_0)
FNDA:31,(anonymous_1)
FNDA:11,(anonymous_2)
FNDA:14,(anonymous_3)
FNDA:22,(anonymous_4)
FNDA:16,(anonymous_5)
FNDA:27,(anonymous_6)
FNDA:38,(anonymous_7)
FNDA:17,(anonymous_8)
FNDA:4,(anonymous_9)
FNDA:10,(anonymous_10)
FNDA:6,(anonymous_11)
DA:4,2
DA:5,7
DA:6,31
DA:13,2
DA:14,11
DA:16,11
DA:17,14
DA:20,11
DA:21,1
DA:24,10
DA:26,22
DA:28,10
DA:29,1
DA:32,9
DA:34,16
DA:36,9
DA:37,1
DA:42,8
DA:43,27
DA:46,8
DA:47,1
DA:52,7
DA:56,38
DA:59,7
DA:60,17
DA:65,2
DA:66,4
DA:68,10
DA:70,4
DA:71,1
DA:74,3
DA:76,6
LF:32
LH:32
BRDA:20,0,0,1
BRDA:20,0,1,10
BRDA:28,1,0,1
BRDA:28,1,1,9
BRDA:36,2,0,1
BRDA:36,2,1,8
BRDA:46,3,0,1
BRDA:46,3,1,7
BRDA:46,4,0,8
BRDA:46,4,1,8
BRDA:70,5,0,1
BRDA:70,5,1,3
BRF:12
BRH:12
end_of_record
TN:
SF:/Users/dandrory/Work/photon/src/utils/figmaTheme/getFigmaTheme/index.js
FNF:0
FNH:0
LF:0
LH:0
BRF:0
BRH:0
end_of_record
TN:
SF:/Users/dandrory/Work/photon/src/utils/figmaTheme/mockThemeFiles/testFileObjects.js
FNF:0
FNH:0
DA:6,2
DA:34,2
DA:55,2
DA:65,2
DA:76,2
DA:83,2
DA:92,2
LF:7
LH:7
BRF:0
BRH:0
end_of_record
TN:
SF:/Users/dandrory/Work/photon/src/utils/figmaTheme/parseFigmaTheme/index.js
FNF:0
FNH:0
LF:0
LH:0
BRF:0
BRH:0
end_of_record
TN:
SF:/Users/dandrory/Work/photon/src/utils/figmaTheme/parseFigmaTheme/parseFigmaTheme.js
FN:3,(anonymous_0)
FN:7,(anonymous_1)
FN:10,(anonymous_2)
FN:27,(anonymous_3)
FN:34,(anonymous_4)
FNF:5
FNH:5
FNDA:7,(anonymous_0)
FNDA:36,(anonymous_1)
FNDA:136,(anonymous_2)
FNDA:6,(anonymous_3)
FNDA:23,(anonymous_4)
DA:3,2
DA:4,7
DA:7,2
DA:8,36
DA:10,36
DA:11,136
DA:12,1
DA:16,135
DA:17,106
DA:18,106
DA:21,29
DA:24,34
DA:27,2
DA:32,6
DA:34,6
DA:35,23
DA:36,5
DA:41,18
DA:45,6
LF:19
LH:19
BRDA:11,0,0,1
BRDA:11,0,1,135
BRDA:16,1,0,106
BRDA:16,1,1,29
BRDA:29,2,0,1
BRDA:30,3,0,6
BRDA:35,4,0,5
BRDA:35,4,1,18
BRF:8
BRH:8
end_of_record
TN:
SF:/Users/dandrory/Work/photon/src/utils/figmaTheme/templateResolvers/index.js
FNF:0
FNH:0
LF:0
LH:0
BRF:0
BRH:0
end_of_record
TN:
SF:/Users/dandrory/Work/photon/src/utils/figmaTheme/templateResolvers/replaceTemplateValue.js
FN:4,(anonymous_0)
FNF:1
FNH:1
FNDA:387,(anonymous_0)
DA:4,3
DA:5,387
DA:6,1
DA:10,386
DA:11,1
DA:15,385
DA:16,207
DA:18,178
DA:19,178
LF:9
LH:9
BRDA:5,0,0,1
BRDA:5,0,1,386
BRDA:5,1,0,387
BRDA:5,1,1,180
BRDA:10,2,0,1
BRDA:10,2,1,385
BRDA:10,3,0,386
BRDA:10,3,1,179
BRDA:15,4,0,207
BRDA:15,4,1,178
BRF:10
BRH:10
end_of_record
TN:
SF:/Users/dandrory/Work/photon/src/utils/figmaTheme/templateResolvers/resolveTemplateString.js
FN:4,(anonymous_0)
FN:20,(anonymous_1)
FNF:2
FNH:2
FNDA:207,(anonymous_0)
FNDA:48,(anonymous_1)
DA:4,3
DA:11,207
DA:12,207
DA:14,207
DA:15,160
DA:18,47
DA:20,47
DA:21,48
DA:22,48
DA:23,48
DA:24,47
DA:28,1
DA:32,46
DA:34,44
DA:35,44
DA:37,2
DA:40,45
DA:42,2
DA:48,2
LF:19
LH:19
BRDA:7,0,0,207
BRDA:8,1,0,207
BRDA:9,2,0,207
BRDA:14,3,0,160
BRDA:14,3,1,47
BRDA:14,4,0,207
BRDA:14,4,1,47
BRDA:24,5,0,1
BRDA:24,5,1,46
BRDA:25,6,0,47
BRDA:25,6,1,3
BRDA:32,7,0,44
BRDA:32,7,1,2
BRF:13
BRH:13
end_of_record
TN:
SF:/Users/dandrory/Work/photon/src/utils/figmaTheme/templateResolvers/parsers/basicParser.js
FN:3,(anonymous_0)
FNF:1
FNH:1
FNDA:160,(anonymous_0)
DA:3,3
DA:4,160
LF:2
LH:2
BRF:0
BRH:0
end_of_record
TN:
SF:/Users/dandrory/Work/photon/src/utils/figmaTheme/templateResolvers/parsers/boxShadowParser.js
FN:3,(anonymous_0)
FN:8,(anonymous_1)
FNF:2
FNH:2
FNDA:5,(anonymous_0)
FNDA:4,(anonymous_1)
DA:3,3
DA:4,5
DA:5,1
DA:7,4
DA:9,4
DA:17,4
LF:6
LH:6
BRDA:4,0,0,1
BRDA:4,0,1,4
BRF:2
BRH:2
end_of_record
TN:
SF:/Users/dandrory/Work/photon/src/utils/figmaTheme/templateResolvers/parsers/compositionParser.js
FN:3,(anonymous_0)
FN:8,(anonymous_1)
FNF:2
FNH:2
FNDA:11,(anonymous_0)
FNDA:18,(anonymous_1)
DA:3,3
DA:4,11
DA:5,2
DA:7,9
DA:8,18
LF:5
LH:5
BRDA:4,0,0,2
BRDA:4,0,1,9
BRF:2
BRH:2
end_of_record
TN:
SF:/Users/dandrory/Work/photon/src/utils/figmaTheme/templateResolvers/parsers/index.js
FNF:0
FNH:0
DA:5,3
LF:1
LH:1
BRF:0
BRH:0
end_of_record
TN:
SF:/Users/dandrory/Work/photon/src/utils/figmaTheme/templateResolvers/test/themeRoots.js
FNF:0
FNH:0
DA:1,1
DA:18,1
DA:31,1
DA:44,1
DA:57,1
DA:70,1
DA:83,1
DA:96,1
DA:126,1
DA:156,1
DA:204,1
DA:241,1
DA:251,1
LF:13
LH:13
BRF:0
BRH:0
end_of_record
